C51 COMPILER V9.02   MAIN                                                                  01/14/2015 14:42:33 PAGE 1   


C51 COMPILER V9.02, COMPILATION OF MODULE MAIN
OBJECT MODULE PLACED IN main.OBJ
COMPILER INVOKED BY: C:\Keil\C51\BIN\C51.EXE main.c BROWSE DEBUG OBJECTEXTEND

line level    source

   1          /*-----------------------------------------------------------------------------
   2             Program to demonstrate 4digit counter on 4-SevenSegment(CommonAnode) display
   3            -----------------------------------------------------------------------------
   4            note:
   5          Code is for CommonAnode type of segment, seg_code[] must be complemented for CommonCathode
   6          ------------------------------------------------------------------------------*/
   7          
   8                                                                                                                                                  
   9          /* Reg51.h contains the defnition of all ports and SFRs */
  10          #include <reg51.h> 
  11          
  12          #include "delay.h"      //User defined delay library which conatins the delay routines
  13          
  14          #define SegmentValue P2
  15          #define SegmentSlection P0
  16          
  17          #define SegOne   0x01
  18          #define SegTwo   0x02
  19          #define SegThree 0x04
  20          #define SegFour  0x08    
  21          #define NoSeg    0x00
  22          
  23          
  24          void display_number(unsigned int number)
  25          {
  26   1          unsigned char seg_code[]={0xC0,0xF9,0xA4,0xB0,0x99,0x92,0x82, 0xF8,0x80,0x90};
  27   1              unsigned char temp;
  28   1              unsigned int i,num;
  29   1         for(i=0;i<100;i++)      
  30   1               { 
  31   2                 num=number;
  32   2                 
  33   2                 temp = num/1000;
  34   2                 num=num%1000;  
  35   2                 SegmentSlection=SegOne;
  36   2                 SegmentValue = seg_code[temp];
  37   2                 delay_us(10);
  38   2      
  39   2                 temp = num/100;
  40   2                 num=num%100;  
  41   2                 SegmentSlection=SegTwo;
  42   2                 SegmentValue = seg_code[temp];
  43   2                 delay_us(10);
  44   2      
  45   2             temp = num/10;  
  46   2                 SegmentSlection=SegThree;
  47   2                 SegmentValue = seg_code[temp];
  48   2                 delay_us(10);
  49   2      
  50   2                 temp = num%10;
  51   2                 SegmentSlection=SegFour; 
  52   2                 SegmentValue = seg_code[temp];
  53   2                 delay_us(10);
  54   2                 
  55   2                }
C51 COMPILER V9.02   MAIN                                                                  01/14/2015 14:42:33 PAGE 2   

  56   1               
  57   1       }
  58          /* start the main program */
  59          void main() 
  60          {
  61   1       
  62   1         unsigned int cnt=0;
  63   1      
  64   1         while(1)
  65   1          {
  66   2                 
  67   2                  for(cnt=0;cnt<9999;cnt++)    // loop to display 0000-9999
  68   2                       {
  69   3                         
  70   3                         display_number(cnt); 
  71   3                               
  72   3                              
  73   3                       }
  74   2      
  75   2              }                                                                                                 
  76   1                                                                                                                                                       
  77   1        }                                                                             


MODULE INFORMATION:   STATIC OVERLAYABLE
   CODE SIZE        =    245    ----
   CONSTANT SIZE    =     10    ----
   XDATA SIZE       =   ----    ----
   PDATA SIZE       =   ----    ----
   DATA SIZE        =   ----      19
   IDATA SIZE       =   ----    ----
   BIT SIZE         =   ----    ----
END OF MODULE INFORMATION.


C51 COMPILATION COMPLETE.  0 WARNING(S),  0 ERROR(S)
